<?xml version="1.0" encoding="UTF-8"?>
<!-- Generated by org.testng.reporters.JUnitXMLReporter -->
<testsuite ignored="0" hostname="DESKTOP-JVQ8C2F" failures="0" tests="2" name="Test" time="15.511" errors="0" timestamp="2022-06-23T23:40:25 IST">
  <testcase classname="MVNPROJECT.MVNPROJE.NewTest09" name="@BeforeMethod f" time="5.127">
    <failure type="org.openqa.selenium.SessionNotCreatedException" message="Could not start a new session. Response code 500. Message: Could not start a new session. Error while creating session with the driver service. Stopping driver service: Driver server process died prematurely.
Build info: version: &amp;apos;4.2.2&amp;apos;, revision: &amp;apos;683ccb65d6&amp;apos;
System info: host: &amp;apos;DESKTOP-JVQ8C2F&amp;apos;, ip: &amp;apos;192.168.1.104&amp;apos;, os.name: &amp;apos;Windows 10&amp;apos;, os.arch: &amp;apos;amd64&amp;apos;, os.version: &amp;apos;10.0&amp;apos;, java.version: &amp;apos;18.0.1.1&amp;apos;
Driver info: driver.version: unknown
Build info: version: &amp;apos;4.2.2&amp;apos;, revision: &amp;apos;683ccb65d6&amp;apos;
System info: host: &amp;apos;DESKTOP-JVQ8C2F&amp;apos;, ip: &amp;apos;192.168.1.104&amp;apos;, os.name: &amp;apos;Windows 10&amp;apos;, os.arch: &amp;apos;amd64&amp;apos;, os.version: &amp;apos;10.0&amp;apos;, java.version: &amp;apos;18.0.1.1&amp;apos;
Driver info: driver.version: unknown
Build info: version: &amp;apos;4.2.2&amp;apos;, revision: &amp;apos;683ccb65d6&amp;apos;
System info: host: &amp;apos;DESKTOP-JVQ8C2F&amp;apos;, ip: &amp;apos;192.168.1.104&amp;apos;, os.name: &amp;apos;Windows 10&amp;apos;, os.arch: &amp;apos;amd64&amp;apos;, os.version: &amp;apos;10.0&amp;apos;, java.version: &amp;apos;18.0.1.1&amp;apos;
Driver info: org.openqa.selenium.remote.RemoteWebDriver
Command: [null, newSession {capabilities=[Capabilities {browserName: MicrosoftEdge}], desiredCapabilities=Capabilities {browserName: MicrosoftEdge}}]
Capabilities {}">
      <![CDATA[org.openqa.selenium.SessionNotCreatedException: Could not start a new session. Response code 500. Message: Could not start a new session. Error while creating session with the driver service. Stopping driver service: Driver server process died prematurely.
Build info: version: '4.2.2', revision: '683ccb65d6'
System info: host: 'DESKTOP-JVQ8C2F', ip: '192.168.1.104', os.name: 'Windows 10', os.arch: 'amd64', os.version: '10.0', java.version: '18.0.1.1'
Driver info: driver.version: unknown
Build info: version: '4.2.2', revision: '683ccb65d6'
System info: host: 'DESKTOP-JVQ8C2F', ip: '192.168.1.104', os.name: 'Windows 10', os.arch: 'amd64', os.version: '10.0', java.version: '18.0.1.1'
Driver info: driver.version: unknown
Build info: version: '4.2.2', revision: '683ccb65d6'
System info: host: 'DESKTOP-JVQ8C2F', ip: '192.168.1.104', os.name: 'Windows 10', os.arch: 'amd64', os.version: '10.0', java.version: '18.0.1.1'
Driver info: org.openqa.selenium.remote.RemoteWebDriver
Command: [null, newSession {capabilities=[Capabilities {browserName: MicrosoftEdge}], desiredCapabilities=Capabilities {browserName: MicrosoftEdge}}]
Capabilities {}
at org.openqa.selenium.remote.ProtocolHandshake.createSession(ProtocolHandshake.java:144)
at org.openqa.selenium.remote.ProtocolHandshake.createSession(ProtocolHandshake.java:102)
at org.openqa.selenium.remote.ProtocolHandshake.createSession(ProtocolHandshake.java:67)
at org.openqa.selenium.remote.HttpCommandExecutor.execute(HttpCommandExecutor.java:156)
at org.openqa.selenium.remote.TracedCommandExecutor.execute(TracedCommandExecutor.java:51)
at org.openqa.selenium.remote.RemoteWebDriver.execute(RemoteWebDriver.java:588)
at org.openqa.selenium.remote.RemoteWebDriver.startSession(RemoteWebDriver.java:283)
at org.openqa.selenium.remote.RemoteWebDriver.<init>(RemoteWebDriver.java:184)
at org.openqa.selenium.remote.RemoteWebDriver.<init>(RemoteWebDriver.java:166)
at MVNPROJECT.MVNPROJE.test9.BrowserConnection(test9.java:24)
at MVNPROJECT.MVNPROJE.NewTest09.f(NewTest09.java:24)
at java.base/java.util.ArrayList.forEach(ArrayList.java:1511)
... Removed 29 stack frames]]>
    </failure>
  </testcase> <!-- @BeforeMethod f -->
  <testcase classname="MVNPROJECT.MVNPROJE.NewTest09" name="@AfterMethod f2" time="0.0">
    <skipped/>
  </testcase> <!-- @AfterMethod f2 -->
  <testcase classname="MVNPROJECT.MVNPROJE.NewTest9" name="m1" time="3.34"/>
  <testcase classname="MVNPROJECT.MVNPROJE.NewTest09" name="m1" time="0.0">
    <skipped/>
  </testcase> <!-- m1 -->
</testsuite> <!-- Test -->
