<?xml version="1.0" encoding="UTF-8"?>
<testng-results ignored="0" total="1" passed="1" failed="0" skipped="0">
  <reporter-output>
  </reporter-output>
  <suite started-at="2022-06-21T11:52:00 GMT-07:00" name="Surefire suite" finished-at="2022-06-21T11:52:00 GMT-07:00" duration-ms="106">
    <groups>
    </groups>
    <test started-at="2022-06-21T11:52:00 GMT-07:00" name="Surefire test" finished-at="2022-06-21T11:52:00 GMT-07:00" duration-ms="106">
      <class name="MVNPROJECT.MVNPROJE.AppTest">
        <test-method signature="shouldAnswerWithTrue()" started-at="2022-06-21T11:52:00 GMT-07:00" name="shouldAnswerWithTrue" finished-at="2022-06-21T11:52:00 GMT-07:00" duration-ms="17" status="PASS">
          <reporter-output>
          </reporter-output>
        </test-method> <!-- shouldAnswerWithTrue -->
      </class> <!-- MVNPROJECT.MVNPROJE.AppTest -->
    </test> <!-- Surefire test -->
  </suite> <!-- Surefire suite -->
</testng-results>
